


ARM Macro Assembler    Page 1 


    1 00000000         ; Print.s
    2 00000000         ; Student names: change this to your names or look very 
                       silly
    3 00000000         ; Last modification date: change this to the last modifi
                       cation date or look very silly
    4 00000000         ; Runs on TM4C123
    5 00000000         ; EE319K lab 7 device driver for any LCD
    6 00000000         ;
    7 00000000         ; As part of Lab 7, students need to implement these LCD
                       _OutDec and LCD_OutFix
    8 00000000         ; This driver assumes two low-level LCD functions
    9 00000000         ; ST7735_OutChar   outputs a single 8-bit ASCII characte
                       r
   10 00000000         ; ST7735_OutString outputs a null-terminated string 
   11 00000000        B 
                       FP      RN               11
   12 00000000         
   13 00000000                 IMPORT           ST7735_OutChar
   14 00000000                 IMPORT           ST7735_OutString
   15 00000000                 EXPORT           LCD_OutDec
   16 00000000                 EXPORT           LCD_OutFix
   17 00000000         
   18 00000000                 AREA             |.text|, CODE, READONLY, ALIGN=
2
   19 00000000                 THUMB
   20 00000000         
   21 00000000         
   22 00000000         
   23 00000000         ;-----------------------LCD_OutDec----------------------
                       -
   24 00000000         ; Output a 32-bit number in unsigned decimal format
   25 00000000         ; Input: R0 (call by value) 32-bit unsigned number
   26 00000000         ; Output: none
   27 00000000         ; Invariables: This function must not permanently modify
                        registers R4 to R11
   28 00000000         ; R0=0,    then output "0"
   29 00000000         ; R0=3,    then output "3"
   30 00000000         ; R0=89,   then output "89"
   31 00000000         ; R0=123,  then output "123"
   32 00000000         ; R0=9999, then output "9999"
   33 00000000         ; R0=4294967295, then output "4294967295"
   34 00000000         LCD_OutDec
   35 00000000 00000000 
                       Count   EQU              0
   36 00000000 00000004 
                       Num     EQU              4
   37 00000000         ;callee save
   38 00000000 E92D 4BF0       PUSH{R4-R9,FP,LR}
   39 00000004         ;2) allocation
   40 00000004 B082            SUB              SP, #8
   41 00000006 46EB            MOV              FP, SP
   42 00000008         
   43 00000008         ;checking if num is 0
   44 00000008 2800            CMP              R0, #0
   45 0000000A D01C            BEQ              display0
   46 0000000C         
   47 0000000C         ;3) access
   48 0000000C F8CB 0004       STR              R0, [FP, #Num]
   49 00000010 F04F 0400       MOV              R4, #0



ARM Macro Assembler    Page 2 


   50 00000014 F8CB 4000       STR              R4, [FP, #Count]
   51 00000018 F04F 050A       MOV              R5, #10
   52 0000001C         
   53 0000001C         
   54 0000001C         Odloop
   55 0000001C F8DB 4004       LDR              R4,[FP, #Num]
   56 00000020 2C00            CMP              R4, #0
   57 00000022 D015            BEQ              nextOD
   58 00000024 FBB4 F6F5       UDIV             R6,R4,R5
   59 00000028 FB05 F706       MUL              R7,R5,R6
   60 0000002C EBA4 0807       SUB              R8,R4,R7
   61 00000030 F84D 8D04       PUSH{R8}
   62 00000034 F8CB 6004       STR              R6,[FP, #Num]
   63 00000038 F8DB 6000       LDR              R6,[FP, #Count]
   64 0000003C F106 0601       ADD              R6,#1
   65 00000040 F8CB 6000       STR              R6,[FP, #Count]
   66 00000044 E7EA            B                Odloop
   67 00000046         
   68 00000046         display0
   69 00000046 F100 0030       ADD              R0,#0x30
   70 0000004A F7FF FFFE       BL               ST7735_OutChar
   71 0000004E E00D            B                doneOD
   72 00000050         nextOD
   73 00000050 F8DB 4000       LDR              R4,[FP, #Count]
   74 00000054 2C00            CMP              R4, #0
   75 00000056 D009            BEQ              doneOD
   76 00000058 BC01            POP{R0}
   77 0000005A F100 0030       ADD              R0,#0x30
   78 0000005E F7FF FFFE       BL               ST7735_OutChar
   79 00000062 F1A4 0401       SUB              R4, #1
   80 00000066 F8CB 4000       STR              R4, [FP, #Count]
   81 0000006A E7F1            B                nextOD
   82 0000006C         
   83 0000006C         doneOD
   84 0000006C         ;deallocation(getting past local vars in memory so u can
                        pop registers vals that were pushed, not the local vars
                        contents
   85 0000006C B002            ADD              SP,#8
   86 0000006E E8BD 4BF0       POP{R4-R9,FP,LR}
   87 00000072 4770            BX               LR
   88 00000074         
   89 00000074         ;* * * * * * * * End of LCD_OutDec * * * * * * * *
   90 00000074         
   91 00000074         ; -----------------------LCD _OutFix--------------------
                       --
   92 00000074         ; Output characters to LCD display in fixed-point format
                       
   93 00000074         ; unsigned decimal, resolution 0.001, range 0.000 to 9.9
                       99
   94 00000074         ; Inputs:  R0 is an unsigned 32-bit number
   95 00000074         ; Outputs: none
   96 00000074         ; E.g., R0=0,    then output "0.000"
   97 00000074         ;       R0=3,    then output "0.003"
   98 00000074         ;       R0=89,   then output "0.089"
   99 00000074         ;       R0=123,  then output "0.123"
  100 00000074         ;       R0=9999, then output "9.999"
  101 00000074         ;       R0>9999, then output "*.***"
  102 00000074         ; Invariables: This function must not permanently modify
                        registers R4 to R11



ARM Macro Assembler    Page 3 


  103 00000074         LCD_OutFix
  104 00000074         
  105 00000074 4770            BX               LR
  106 00000076         
  107 00000076 00 00           ALIGN
  108 00000078         ;* * * * * * * * End of LCD_OutFix * * * * * * * *
  109 00000078         
  110 00000078                 ALIGN                        ; make sure the end
                                                             of this section is
                                                             aligned
  111 00000078                 END                          ; end of file
Command Line: --debug --xref --diag_suppress=9931 --cpu=Cortex-M4 --apcs=interw
ork --depend=.\print.d -o.\print.o -I.\RTE\_SpaceInvaders -IC:\Users\tbrinker20
\AppData\Local\Arm\Packs\ARM\CMSIS\5.8.0\CMSIS\Core\Include -IC:\Users\tbrinker
20\AppData\Local\Arm\Packs\Keil\TM4C_DFP\1.1.0\Device\Include\TM4C123 --predefi
ne="__EVAL SETA 1" --predefine="__UVISION_VERSION SETA 536" --predefine="_RTE_ 
SETA 1" --predefine="TM4C123GH6PM SETA 1" --predefine="_RTE_ SETA 1" --list=.\p
rint.lst Print.s



ARM Macro Assembler    Page 1 Alphabetic symbol ordering
Relocatable symbols

.text 00000000

Symbol: .text
   Definitions
      At line 18 in file Print.s
   Uses
      None
Comment: .text unused
LCD_OutDec 00000000

Symbol: LCD_OutDec
   Definitions
      At line 34 in file Print.s
   Uses
      At line 15 in file Print.s
Comment: LCD_OutDec used once
LCD_OutFix 00000074

Symbol: LCD_OutFix
   Definitions
      At line 103 in file Print.s
   Uses
      At line 16 in file Print.s
Comment: LCD_OutFix used once
Odloop 0000001C

Symbol: Odloop
   Definitions
      At line 54 in file Print.s
   Uses
      At line 66 in file Print.s
Comment: Odloop used once
display0 00000046

Symbol: display0
   Definitions
      At line 68 in file Print.s
   Uses
      At line 45 in file Print.s
Comment: display0 used once
doneOD 0000006C

Symbol: doneOD
   Definitions
      At line 83 in file Print.s
   Uses
      At line 71 in file Print.s
      At line 75 in file Print.s

nextOD 00000050

Symbol: nextOD
   Definitions
      At line 72 in file Print.s
   Uses
      At line 57 in file Print.s
      At line 81 in file Print.s

7 symbols



ARM Macro Assembler    Page 1 Alphabetic symbol ordering
Absolute symbols

Count 00000000

Symbol: Count
   Definitions
      At line 35 in file Print.s
   Uses
      At line 50 in file Print.s
      At line 63 in file Print.s
      At line 65 in file Print.s
      At line 73 in file Print.s
      At line 80 in file Print.s

Num 00000004

Symbol: Num
   Definitions
      At line 36 in file Print.s
   Uses
      At line 48 in file Print.s
      At line 55 in file Print.s
      At line 62 in file Print.s

2 symbols



ARM Macro Assembler    Page 1 Alphabetic symbol ordering
External symbols

ST7735_OutChar 00000000

Symbol: ST7735_OutChar
   Definitions
      At line 13 in file Print.s
   Uses
      At line 70 in file Print.s
      At line 78 in file Print.s

ST7735_OutString 00000000

Symbol: ST7735_OutString
   Definitions
      At line 14 in file Print.s
   Uses
      None
Comment: ST7735_OutString unused
2 symbols
345 symbols in table
